<?xml version="1.0" encoding="UTF-8"?>
<!-- Generated by org.testng.reporters.JUnitXMLReporter -->
<testsuite hostname="admin-PC" ignored="0" name="BankingAPP Test" tests="1" failures="1" timestamp="11 Jul 2019 11:35:06 GMT" time="24.964" errors="0">
  <testcase name="logintest" time="17.018" classname="com.InetBanking.testCases.TC_LoginTest_001">
    <failure type="junit.framework.AssertionFailedError">
      <![CDATA[junit.framework.AssertionFailedError
at junit.framework.Assert.fail(Assert.java:47)
at junit.framework.Assert.assertTrue(Assert.java:20)
at junit.framework.Assert.assertTrue(Assert.java:27)
at com.InetBanking.testCases.TC_LoginTest_001.logintest(TC_LoginTest_001.java:39)
... Removed 25 stack frames]]>
    </failure>
  </testcase> <!-- logintest -->
</testsuite> <!-- BankingAPP Test -->
